2016-08-16 05:26:54,101 - Velocimacro : autoload off : VM system will not automatically reload global library macros
2016-08-16 05:26:54,123 - ResourceManager : found input_data.vm with loader org.apache.velocity.runtime.resource.loader.FileResourceLoader
2016-08-16 05:26:55,929 - Log4JLogChute initialized using file 'velocity.log'
2016-08-16 05:26:55,929 - Initializing Velocity, Calling init()...
2016-08-16 05:26:55,929 - Starting Apache Velocity v1.7 (compiled: 2010-11-19 12:14:37)
2016-08-16 05:26:55,929 - Default Properties File: org/apache/velocity/runtime/defaults/velocity.properties
2016-08-16 05:26:55,929 - Trying to use logger class org.apache.velocity.runtime.log.AvalonLogChute
2016-08-16 05:26:55,929 - Target log system for org.apache.velocity.runtime.log.AvalonLogChute is not available (java.lang.NoClassDefFoundError: org/apache/log/format/Formatter).  Falling back to next log system...
2016-08-16 05:26:55,929 - Trying to use logger class org.apache.velocity.runtime.log.Log4JLogChute
2016-08-16 05:26:55,929 - Using logger class org.apache.velocity.runtime.log.Log4JLogChute
2016-08-16 05:26:55,930 - ResourceLoader instantiated: org.apache.velocity.runtime.resource.loader.FileResourceLoader
2016-08-16 05:26:55,930 - Do unicode file recognition:  false
2016-08-16 05:26:55,930 - FileResourceLoader : adding path './files/velocity/'
2016-08-16 05:26:55,930 - ResourceCache: initialized (class org.apache.velocity.runtime.resource.ResourceCacheImpl) with class java.util.Collections$SynchronizedMap cache map.
2016-08-16 05:26:55,930 - Loaded System Directive: org.apache.velocity.runtime.directive.Stop
2016-08-16 05:26:55,930 - Loaded System Directive: org.apache.velocity.runtime.directive.Define
2016-08-16 05:26:55,930 - Loaded System Directive: org.apache.velocity.runtime.directive.Break
2016-08-16 05:26:55,930 - Loaded System Directive: org.apache.velocity.runtime.directive.Evaluate
2016-08-16 05:26:55,931 - Loaded System Directive: org.apache.velocity.runtime.directive.Literal
2016-08-16 05:26:55,931 - Loaded System Directive: org.apache.velocity.runtime.directive.Macro
2016-08-16 05:26:55,931 - Loaded System Directive: org.apache.velocity.runtime.directive.Parse
2016-08-16 05:26:55,931 - Loaded System Directive: org.apache.velocity.runtime.directive.Include
2016-08-16 05:26:55,931 - Loaded System Directive: org.apache.velocity.runtime.directive.Foreach
2016-08-16 05:26:55,932 - Created '20' parsers.
2016-08-16 05:26:55,932 - Velocimacro : "velocimacro.library" is not set.  Trying default library: VM_global_library.vm
2016-08-16 05:26:55,932 - Velocimacro : Default library not found.
2016-08-16 05:26:55,932 - Velocimacro : allowInline = true : VMs can be defined inline in templates
2016-08-16 05:26:55,932 - Velocimacro : allowInlineToOverride = false : VMs defined inline may NOT replace previous VM definitions
2016-08-16 05:26:55,932 - Velocimacro : allowInlineLocal = false : VMs defined inline will be global in scope if allowed.
2016-08-16 05:26:55,933 - Velocimacro : autoload off : VM system will not automatically reload global library macros
2016-08-16 05:26:55,935 - ResourceManager : found output_data.vm with loader org.apache.velocity.runtime.resource.loader.FileResourceLoader
toload off : VM system will not automatically reload global library macros
2016-08-16 05:26:55,935 - ResourceManager : found output_data.vm with loader org.apache.velocity.runtime.resource.loader.FileResourceLoader
2016-08-16 05:27:06,356 - Log4JLogChute initialized using file 'velocity.log'
2016-08-16 05:27:06,356 - Initializing Velocity, Calling init()...
2016-08-16 05:27:06,356 - Starting Apache Velocity v1.7 (compiled: 2010-11-19 12:14:37)
2016-08-16 05:27:06,356 - Default Properties File: org/apache/velocity/runtime/defaults/velocity.properties
2016-08-16 05:27:06,356 - Trying to use logger class org.apache.velocity.runtime.log.AvalonLogChute
2016-08-16 05:27:06,356 - Target log system for org.apache.velocity.runtime.log.AvalonLogChute is not available (java.lang.NoClassDefFoundError: org/apache/log/format/Formatter).  Falling back to next log system...
2016-08-16 05:27:06,356 - Trying to use logger class org.apache.velocity.runtime.log.Log4JLogChute
2016-08-16 05:27:06,356 - Using logger class org.apache.velocity.runtime.log.Log4JLogChute
2016-08-16 05:27:06,356 - ResourceLoader instantiated: org.apache.velocity.runtime.resource.loader.FileResourceLoader
2016-08-16 05:27:06,356 - Do unicode file recognition:  false
2016-08-16 05:27:06,356 - FileResourceLoader : adding path './files/velocity/'
2016-08-16 05:27:06,356 - ResourceCache: initialized (class org.apache.velocity.runtime.resource.ResourceCacheImpl) with class java.util.Collections$SynchronizedMap cache map.
2016-08-16 05:27:06,357 - Loaded System Directive: org.apache.velocity.runtime.directive.Stop
2016-08-16 05:27:06,357 - Loaded System Directive: org.apache.velocity.runtime.directive.Define
2016-08-16 05:27:06,357 - Loaded System Directive: org.apache.velocity.runtime.directive.Break
2016-08-16 05:27:06,357 - Loaded System Directive: org.apache.velocity.runtime.directive.Evaluate
2016-08-16 05:27:06,357 - Loaded System Directive: org.apache.velocity.runtime.directive.Literal
2016-08-16 05:27:06,357 - Loaded System Directive: org.apache.velocity.runtime.directive.Macro
2016-08-16 05:27:06,357 - Loaded System Directive: org.apache.velocity.runtime.directive.Parse
2016-08-16 05:27:06,357 - Loaded System Directive: org.apache.velocity.runtime.directive.Include
2016-08-16 05:27:06,357 - Loaded System Directive: org.apache.velocity.runtime.directive.Foreach
2016-08-16 05:27:06,357 - Created '20' parsers.
2016-08-16 05:27:06,357 - Velocimacro : "velocimacro.library" is not set.  Trying default library: VM_global_library.vm
2016-08-16 05:27:06,358 - Velocimacro : Default library not found.
2016-08-16 05:27:06,358 - Velocimacro : allowInline = true : VMs can be defined inline in templates
2016-08-16 05:27:06,358 - Velocimacro : allowInlineToOverride = false : VMs defined inline may NOT replace previous VM definitions
2016-08-16 05:27:06,358 - Velocimacro : allowInlineLocal = false : VMs defined inline will be global in scope if allowed.
2016-08-16 05:27:06,358 - Velocimacro : autoload off : VM system will not automatically reload global library macros
2016-08-16 05:27:06,361 - ResourceManager : found sc.vm with loader org.apache.velocity.runtime.resource.loader.FileResourceLoader
2016-08-16 05:27:06,361 - Left side ($amsc.amGenerator.capability.outputs.size()) of '!=' operation has null value. If it is a reference, it may not be in the context or its toString() returned null. sc.vm[line 6, column 51]
2016-08-16 05:27:06,362 - Left side ($amsc.amGenerator.capability.asynchronousResponseHandlerExist) of '==' operation has null value. If it is a reference, it may not be in the context or its toString() returned null. sc.vm[line 28, column 93]
2016-08-16 05:27:06,363 - Left side ($amsc.amGenerator.capability.asynchronousResponseHandlerExist) of '==' operation has null value. If it is a reference, it may not be in the context or its toString() returned null. sc.vm[line 28, column 93]
2016-08-16 05:27:06,364 - Left side ($amsc.amGenerator.capability.asynchronousResponseHandlerExist) of '==' operation has null value. If it is a reference, it may not be in the context or its toString() returned null. sc.vm[line 28, column 93]
2016-08-16 05:27:06,364 - Left side ($amsc.amGenerator.capability.asynchronousResponseHandlerExist) of '==' operation has null value. If it is a reference, it may not be in the context or its toString() returned null. sc.vm[line 28, column 93]
2016-08-16 05:27:06,364 - Left side ($amsc.amGenerator.capability.asynchronousResponseHandlerExist) of '==' operation has null value. If it is a reference, it may not be in the context or its toString() returned null. sc.vm[line 28, column 93]
2016-08-16 05:27:53,748 - Log4JLogChute initialized using file 'velocity.log'
2016-08-16 05:27:53,748 - Log4JLogChute initialized using file 'velocity.log'
2016-08-16 05:27:53,748 - Initializing Velocity, Calling init()...
2016-08-16 05:27:53,748 - Initializing Velocity, Calling init()...
2016-08-16 05:27:53,748 - Starting Apache Velocity v1.7 (compiled: 2010-11-19 12:14:37)
2016-08-16 05:27:53,748 - Starting Apache Velocity v1.7 (compiled: 2010-11-19 12:14:37)
2016-08-16 05:27:53,748 - Default Properties File: org/apache/velocity/runtime/defaults/velocity.properties
2016-08-16 05:27:53,748 - Default Properties File: org/apache/velocity/runtime/defaults/velocity.properties
2016-08-16 05:27:53,748 - Trying to use logger class org.apache.velocity.runtime.log.AvalonLogChute
2016-08-16 05:27:53,748 - Trying to use logger class org.apache.velocity.runtime.log.AvalonLogChute
2016-08-16 05:27:53,748 - Target log system for org.apache.velocity.runtime.log.AvalonLogChute is not available (java.lang.NoClassDefFoundError: org/apache/log/format/Formatter).  Falling back to next log system...
2016-08-16 05:27:53,748 - Target log system for org.apache.velocity.runtime.log.AvalonLogChute is not available (java.lang.NoClassDefFoundError: org/apache/log/format/Formatter).  Falling back to next log system...
2016-08-16 05:27:53,748 - Trying to use logger class org.apache.velocity.runtime.log.Log4JLogChute
2016-08-16 05:27:53,748 - Trying to use logger class org.apache.velocity.runtime.log.Log4JLogChute
2016-08-16 05:27:53,748 - Using logger class org.apache.velocity.runtime.log.Log4JLogChute
2016-08-16 05:27:53,748 - Using logger class org.apache.velocity.runtime.log.Log4JLogChute
2016-08-16 05:27:53,748 - ResourceLoader instantiated: org.apache.velocity.runtime.resource.loader.FileResourceLoader
2016-08-16 05:27:53,748 - ResourceLoader instantiated: org.apache.velocity.runtime.resource.loader.FileResourceLoader
2016-08-16 05:27:53,749 - Do unicode file recognition:  false
2016-08-16 05:27:53,749 - Do unicode file recognition:  false
2016-08-16 05:27:53,749 - FileResourceLoader : adding path './files/velocity/'
2016-08-16 05:27:53,749 - FileResourceLoader : adding path './files/velocity/'
2016-08-16 05:27:53,749 - ResourceCache: initialized (class org.apache.velocity.runtime.resource.ResourceCacheImpl) with class java.util.Collections$SynchronizedMap cache map.
2016-08-16 05:27:53,749 - ResourceCache: initialized (class org.apache.velocity.runtime.resource.ResourceCacheImpl) with class java.util.Collections$SynchronizedMap cache map.
2016-08-16 05:27:53,749 - Loaded System Directive: org.apache.velocity.runtime.directive.Stop
2016-08-16 05:27:53,749 - Loaded System Directive: org.apache.velocity.runtime.directive.Stop
2016-08-16 05:27:53,749 - Loaded System Directive: org.apache.velocity.runtime.directive.Define
2016-08-16 05:27:53,749 - Loaded System Directive: org.apache.velocity.runtime.directive.Define
2016-08-16 05:27:53,749 - Loaded System Directive: org.apache.velocity.runtime.directive.Break
2016-08-16 05:27:53,749 - Loaded System Directive: org.apache.velocity.runtime.directive.Break
2016-08-16 05:27:53,749 - Loaded System Directive: org.apache.velocity.runtime.directive.Evaluate
2016-08-16 05:27:53,749 - Loaded System Directive: org.apache.velocity.runtime.directive.Evaluate
2016-08-16 05:27:53,749 - Loaded System Directive: org.apache.velocity.runtime.directive.Literal
2016-08-16 05:27:53,749 - Loaded System Directive: org.apache.velocity.runtime.directive.Literal
2016-08-16 05:27:53,749 - Loaded System Directive: org.apache.velocity.runtime.directive.Macro
2016-08-16 05:27:53,749 - Loaded System Directive: org.apache.velocity.runtime.directive.Macro
2016-08-16 05:27:53,749 - Loaded System Directive: org.apache.velocity.runtime.directive.Parse
2016-08-16 05:27:53,749 - Loaded System Directive: org.apache.velocity.runtime.directive.Parse
2016-08-16 05:27:53,749 - Loaded System Directive: org.apache.velocity.runtime.directive.Include
2016-08-16 05:27:53,749 - Loaded System Directive: org.apache.velocity.runtime.directive.Include
2016-08-16 05:27:53,749 - Loaded System Directive: org.apache.velocity.runtime.directive.Foreach
2016-08-16 05:27:53,749 - Loaded System Directive: org.apache.velocity.runtime.directive.Foreach
2016-08-16 05:27:53,750 - Created '20' parsers.
2016-08-16 05:27:53,750 - Created '20' parsers.
2016-08-16 05:27:53,750 - Velocimacro : "velocimacro.library" is not set.  Trying default library: VM_global_library.vm
2016-08-16 05:27:53,750 - Velocimacro : "velocimacro.library" is not set.  Trying default library: VM_global_library.vm
2016-08-16 05:27:53,750 - Velocimacro : Default library not found.
2016-08-16 05:27:53,750 - Velocimacro : Default library not found.
2016-08-16 05:27:53,750 - Velocimacro : allowInline = true : VMs can be defined inline in templates
2016-08-16 05:27:53,750 - Velocimacro : allowInline = true : VMs can be defined inline in templates
2016-08-16 05:27:53,750 - Velocimacro : allowInlineToOverride = false : VMs defined inline may NOT replace previous VM definitions
2016-08-16 05:27:53,750 - Velocimacro : allowInlineToOverride = false : VMs defined inline may NOT replace previous VM definitions
2016-08-16 05:27:53,750 - Velocimacro : allowInlineLocal = false : VMs defined inline will be global in scope if allowed.
2016-08-16 05:27:53,750 - Velocimacro : allowInlineLocal = false : VMs defined inline will be global in scope if allowed.
2016-08-16 05:27:53,750 - Velocimacro : autoload off : VM system will not automatically reload global library macros
2016-08-16 05:27:53,750 - Velocimacro : autoload off : VM system will not automatically reload global library macros
2016-08-16 05:27:53,751 - ResourceManager : found sc.vm with loader org.apache.velocity.runtime.resource.loader.FileResourceLoader
2016-08-16 05:27:53,751 - ResourceManager : found sc.vm with loader org.apache.velocity.runtime.resource.loader.FileResourceLoader
2016-08-16 05:27:53,751 - Left side ($amsc.amGenerator.capability.outputs.size()) of '!=' operation has null value. If it is a reference, it may not be in the context or its toString() returned null. sc.vm[line 6, column 51]
2016-08-16 05:27:53,751 - Left side ($amsc.amGenerator.capability.outputs.size()) of '!=' operation has null value. If it is a reference, it may not be in the context or its toString() returned null. sc.vm[line 6, column 51]
2016-08-19 15:34:22,194 - Log4JLogChute initialized using file 'velocity.log'
2016-08-19 15:34:22,194 - Initializing Velocity, Calling init()...
2016-08-19 15:34:22,194 - Starting Apache Velocity v1.7 (compiled: 2010-11-19 12:14:37)
2016-08-19 15:34:22,194 - Default Properties File: org/apache/velocity/runtime/defaults/velocity.properties
2016-08-19 15:34:22,194 - Trying to use logger class org.apache.velocity.runtime.log.AvalonLogChute
2016-08-19 15:34:22,194 - Target log system for org.apache.velocity.runtime.log.AvalonLogChute is not available (java.lang.NoClassDefFoundError: org/apache/log/format/Formatter).  Falling back to next log system...
2016-08-19 15:34:22,194 - Trying to use logger class org.apache.velocity.runtime.log.Log4JLogChute
2016-08-19 15:34:22,194 - Using logger class org.apache.velocity.runtime.log.Log4JLogChute
2016-08-19 15:34:22,197 - ResourceLoader instantiated: org.apache.velocity.runtime.resource.loader.FileResourceLoader
2016-08-19 15:34:22,198 - Do unicode file recognition:  false
2016-08-19 15:34:22,198 - FileResourceLoader : adding path './files_sc/velocity/'
2016-08-19 15:34:22,206 - ResourceCache: initialized (class org.apache.velocity.runtime.resource.ResourceCacheImpl) with class java.util.Collections$SynchronizedMap cache map.
2016-08-19 15:34:22,207 - Loaded System Directive: org.apache.velocity.runtime.directive.Stop
2016-08-19 15:34:22,208 - Loaded System Directive: org.apache.velocity.runtime.directive.Define
2016-08-19 15:34:22,208 - Loaded System Directive: org.apache.velocity.runtime.directive.Break
2016-08-19 15:34:22,208 - Loaded System Directive: org.apache.velocity.runtime.directive.Evaluate
2016-08-19 15:34:22,209 - Loaded System Directive: org.apache.velocity.runtime.directive.Literal
2016-08-19 15:34:22,209 - Loaded System Directive: org.apache.velocity.runtime.directive.Macro
2016-08-19 15:34:22,210 - Loaded System Directive: org.apache.velocity.runtime.directive.Parse
2016-08-19 15:34:22,211 - Loaded System Directive: org.apache.velocity.runtime.directive.Include
2016-08-19 15:34:22,211 - Loaded System Directive: org.apache.velocity.runtime.directive.Foreach
2016-08-19 15:34:22,241 - Created '20' parsers.
2016-08-19 15:34:22,246 - Velocimacro : "velocimacro.library" is not set.  Trying default library: VM_global_library.vm
2016-08-19 15:34:22,246 - Velocimacro : Default library not found.
2016-08-19 15:34:22,246 - Velocimacro : allowInline = true : VMs can be defined inline in templates
2016-08-19 15:34:22,246 - Velocimacro : allowInlineToOverride = false : VMs defined inline may NOT replace previous VM definitions
2016-08-19 15:34:22,246 - Velocimacro : allowInlineLocal = false : VMs defined inline will be global in scope if allowed.
2016-08-19 15:34:22,246 - Velocimacro : autoload off : VM system will not automatically reload global library macros
2016-08-19 15:34:22,263 - ResourceManager : found input_data.vm with loader org.apache.velocity.runtime.resource.loader.FileResourceLoader
2016-08-19 15:34:23,022 - Log4JLogChute initialized using file 'velocity.log'
2016-08-19 15:34:23,022 - Log4JLogChute initialized using file 'velocity.log'
2016-08-19 15:34:23,022 - Initializing Velocity, Calling init()...
2016-08-19 15:34:23,022 - Initializing Velocity, Calling init()...
2016-08-19 15:34:23,022 - Starting Apache Velocity v1.7 (compiled: 2010-11-19 12:14:37)
2016-08-19 15:34:23,022 - Starting Apache Velocity v1.7 (compiled: 2010-11-19 12:14:37)
2016-08-19 15:34:23,022 - Default Properties File: org/apache/velocity/runtime/defaults/velocity.properties
2016-08-19 15:34:23,022 - Default Properties File: org/apache/velocity/runtime/defaults/velocity.properties
2016-08-19 15:34:23,022 - Trying to use logger class org.apache.velocity.runtime.log.AvalonLogChute
2016-08-19 15:34:23,022 - Trying to use logger class org.apache.velocity.runtime.log.AvalonLogChute
2016-08-19 15:34:23,022 - Target log system for org.apache.velocity.runtime.log.AvalonLogChute is not available (java.lang.NoClassDefFoundError: org/apache/log/format/Formatter).  Falling back to next log system...
2016-08-19 15:34:23,022 - Target log system for org.apache.velocity.runtime.log.AvalonLogChute is not available (java.lang.NoClassDefFoundError: org/apache/log/format/Formatter).  Falling back to next log system...
2016-08-19 15:34:23,022 - Trying to use logger class org.apache.velocity.runtime.log.Log4JLogChute
2016-08-19 15:34:23,022 - Trying to use logger class org.apache.velocity.runtime.log.Log4JLogChute
2016-08-19 15:34:23,022 - Using logger class org.apache.velocity.runtime.log.Log4JLogChute
2016-08-19 15:34:23,022 - Using logger class org.apache.velocity.runtime.log.Log4JLogChute
2016-08-19 15:34:23,022 - ResourceLoader instantiated: org.apache.velocity.runtime.resource.loader.FileResourceLoader
2016-08-19 15:34:23,022 - ResourceLoader instantiated: org.apache.velocity.runtime.resource.loader.FileResourceLoader
2016-08-19 15:34:23,022 - Do unicode file recognition:  false
2016-08-19 15:34:23,022 - Do unicode file recognition:  false
2016-08-19 15:34:23,022 - FileResourceLoader : adding path './files_sc/velocity/'
2016-08-19 15:34:23,022 - FileResourceLoader : adding path './files_sc/velocity/'
2016-08-19 15:34:23,023 - ResourceCache: initialized (class org.apache.velocity.runtime.resource.ResourceCacheImpl) with class java.util.Collections$SynchronizedMap cache map.
2016-08-19 15:34:23,023 - ResourceCache: initialized (class org.apache.velocity.runtime.resource.ResourceCacheImpl) with class java.util.Collections$SynchronizedMap cache map.
2016-08-19 15:34:23,023 - Loaded System Directive: org.apache.velocity.runtime.directive.Stop
2016-08-19 15:34:23,023 - Loaded System Directive: org.apache.velocity.runtime.directive.Stop
2016-08-19 15:34:23,023 - Loaded System Directive: org.apache.velocity.runtime.directive.Define
2016-08-19 15:34:23,023 - Loaded System Directive: org.apache.velocity.runtime.directive.Define
2016-08-19 15:34:23,023 - Loaded System Directive: org.apache.velocity.runtime.directive.Break
2016-08-19 15:34:23,023 - Loaded System Directive: org.apache.velocity.runtime.directive.Break
2016-08-19 15:34:23,023 - Loaded System Directive: org.apache.velocity.runtime.directive.Evaluate
2016-08-19 15:34:23,023 - Loaded System Directive: org.apache.velocity.runtime.directive.Evaluate
2016-08-19 15:34:23,023 - Loaded System Directive: org.apache.velocity.runtime.directive.Literal
2016-08-19 15:34:23,023 - Loaded System Directive: org.apache.velocity.runtime.directive.Literal
2016-08-19 15:34:23,023 - Loaded System Directive: org.apache.velocity.runtime.directive.Macro
2016-08-19 15:34:23,023 - Loaded System Directive: org.apache.velocity.runtime.directive.Macro
2016-08-19 15:34:23,023 - Loaded System Directive: org.apache.velocity.runtime.directive.Parse
2016-08-19 15:34:23,023 - Loaded System Directive: org.apache.velocity.runtime.directive.Parse
2016-08-19 15:34:23,023 - Loaded System Directive: org.apache.velocity.runtime.directive.Include
2016-08-19 15:34:23,023 - Loaded System Directive: org.apache.velocity.runtime.directive.Include
2016-08-19 15:34:23,023 - Loaded System Directive: org.apache.velocity.runtime.directive.Foreach
2016-08-19 15:34:23,023 - Loaded System Directive: org.apache.velocity.runtime.directive.Foreach
2016-08-19 15:34:23,024 - Created '20' parsers.
2016-08-19 15:34:23,024 - Created '20' parsers.
2016-08-19 15:34:23,025 - Velocimacro : "velocimacro.library" is not set.  Trying default library: VM_global_library.vm
2016-08-19 15:34:23,025 - Velocimacro : "velocimacro.library" is not set.  Trying default library: VM_global_library.vm
2016-08-19 15:34:23,025 - Velocimacro : Default library not found.
2016-08-19 15:34:23,025 - Velocimacro : Default library not found.
2016-08-19 15:34:23,025 - Velocimacro : allowInline = true : VMs can be defined inline in templates
2016-08-19 15:34:23,025 - Velocimacro : allowInline = true : VMs can be defined inline in templates
2016-08-19 15:34:23,025 - Velocimacro : allowInlineToOverride = false : VMs defined inline may NOT replace previous VM definitions
2016-08-19 15:34:23,025 - Velocimacro : allowInlineToOverride = false : VMs defined inline may NOT replace previous VM definitions
2016-08-19 15:34:23,025 - Velocimacro : allowInlineLocal = false : VMs defined inline will be global in scope if allowed.
2016-08-19 15:34:23,025 - Velocimacro : allowInlineLocal = false : VMs defined inline will be global in scope if allowed.
2016-08-19 15:34:23,025 - Velocimacro : autoload off : VM system will not automatically reload global library macros
2016-08-19 15:34:23,025 - Velocimacro : autoload off : VM system will not automatically reload global library macros
2016-08-19 15:34:23,027 - ResourceManager : found output_data.vm with loader org.apache.velocity.runtime.resource.loader.FileResourceLoader
2016-08-19 15:34:23,027 - ResourceManager : found output_data.vm with loader org.apache.velocity.runtime.resource.loader.FileResourceLoader
2016-08-19 15:35:01,382 - Log4JLogChute initialized using file 'velocity.log'
2016-08-19 15:35:01,382 - Initializing Velocity, Calling init()...
2016-08-19 15:35:01,382 - Starting Apache Velocity v1.7 (compiled: 2010-11-19 12:14:37)
2016-08-19 15:35:01,382 - Default Properties File: org/apache/velocity/runtime/defaults/velocity.properties
2016-08-19 15:35:01,382 - Trying to use logger class org.apache.velocity.runtime.log.AvalonLogChute
2016-08-19 15:35:01,382 - Target log system for org.apache.velocity.runtime.log.AvalonLogChute is not available (java.lang.NoClassDefFoundError: org/apache/log/format/Formatter).  Falling back to next log system...
2016-08-19 15:35:01,382 - Trying to use logger class org.apache.velocity.runtime.log.Log4JLogChute
2016-08-19 15:35:01,382 - Using logger class org.apache.velocity.runtime.log.Log4JLogChute
2016-08-19 15:35:01,382 - ResourceLoader instantiated: org.apache.velocity.runtime.resource.loader.FileResourceLoader
2016-08-19 15:35:01,382 - Do unicode file recognition:  false
2016-08-19 15:35:01,382 - FileResourceLoader : adding path './files_sc/velocity/'
2016-08-19 15:35:01,383 - ResourceCache: initialized (class org.apache.velocity.runtime.resource.ResourceCacheImpl) with class java.util.Collections$SynchronizedMap cache map.
2016-08-19 15:35:01,383 - Loaded System Directive: org.apache.velocity.runtime.directive.Stop
2016-08-19 15:35:01,383 - Loaded System Directive: org.apache.velocity.runtime.directive.Define
2016-08-19 15:35:01,383 - Loaded System Directive: org.apache.velocity.runtime.directive.Break
2016-08-19 15:35:01,383 - Loaded System Directive: org.apache.velocity.runtime.directive.Evaluate
2016-08-19 15:35:01,383 - Loaded System Directive: org.apache.velocity.runtime.directive.Literal
2016-08-19 15:35:01,383 - Loaded System Directive: org.apache.velocity.runtime.directive.Macro
2016-08-19 15:35:01,383 - Loaded System Directive: org.apache.velocity.runtime.directive.Parse
2016-08-19 15:35:01,383 - Loaded System Directive: org.apache.velocity.runtime.directive.Include
2016-08-19 15:35:01,383 - Loaded System Directive: org.apache.velocity.runtime.directive.Foreach
2016-08-19 15:35:01,383 - Created '20' parsers.
2016-08-19 15:35:01,384 - Velocimacro : "velocimacro.library" is not set.  Trying default library: VM_global_library.vm
2016-08-19 15:35:01,384 - Velocimacro : Default library not found.
2016-08-19 15:35:01,384 - Velocimacro : allowInline = true : VMs can be defined inline in templates
2016-08-19 15:35:01,384 - Velocimacro : allowInlineToOverride = false : VMs defined inline may NOT replace previous VM definitions
2016-08-19 15:35:01,384 - Velocimacro : allowInlineLocal = false : VMs defined inline will be global in scope if allowed.
2016-08-19 15:35:01,384 - Velocimacro : autoload off : VM system will not automatically reload global library macros
2016-08-19 15:35:01,388 - ResourceManager : found sc.vm with loader org.apache.velocity.runtime.resource.loader.FileResourceLoader
2016-08-19 15:36:30,156 - Log4JLogChute initialized using file 'velocity.log'
2016-08-19 15:36:30,156 - Log4JLogChute initialized using file 'velocity.log'
2016-08-19 15:36:30,156 - Initializing Velocity, Calling init()...
2016-08-19 15:36:30,156 - Initializing Velocity, Calling init()...
2016-08-19 15:36:30,156 - Starting Apache Velocity v1.7 (compiled: 2010-11-19 12:14:37)
2016-08-19 15:36:30,156 - Starting Apache Velocity v1.7 (compiled: 2010-11-19 12:14:37)
2016-08-19 15:36:30,156 - Default Properties File: org/apache/velocity/runtime/defaults/velocity.properties
2016-08-19 15:36:30,156 - Default Properties File: org/apache/velocity/runtime/defaults/velocity.properties
2016-08-19 15:36:30,156 - Trying to use logger class org.apache.velocity.runtime.log.AvalonLogChute
2016-08-19 15:36:30,156 - Trying to use logger class org.apache.velocity.runtime.log.AvalonLogChute
2016-08-19 15:36:30,156 - Target log system for org.apache.velocity.runtime.log.AvalonLogChute is not available (java.lang.NoClassDefFoundError: org/apache/log/format/Formatter).  Falling back to next log system...
2016-08-19 15:36:30,156 - Target log system for org.apache.velocity.runtime.log.AvalonLogChute is not available (java.lang.NoClassDefFoundError: org/apache/log/format/Formatter).  Falling back to next log system...
2016-08-19 15:36:30,156 - Trying to use logger class org.apache.velocity.runtime.log.Log4JLogChute
2016-08-19 15:36:30,156 - Trying to use logger class org.apache.velocity.runtime.log.Log4JLogChute
2016-08-19 15:36:30,156 - Using logger class org.apache.velocity.runtime.log.Log4JLogChute
2016-08-19 15:36:30,156 - Using logger class org.apache.velocity.runtime.log.Log4JLogChute
2016-08-19 15:36:30,157 - ResourceLoader instantiated: org.apache.velocity.runtime.resource.loader.FileResourceLoader
2016-08-19 15:36:30,157 - ResourceLoader instantiated: org.apache.velocity.runtime.resource.loader.FileResourceLoader
2016-08-19 15:36:30,157 - Do unicode file recognition:  false
2016-08-19 15:36:30,157 - Do unicode file recognition:  false
2016-08-19 15:36:30,157 - FileResourceLoader : adding path './files_sc/velocity/'
2016-08-19 15:36:30,157 - FileResourceLoader : adding path './files_sc/velocity/'
2016-08-19 15:36:30,157 - ResourceCache: initialized (class org.apache.velocity.runtime.resource.ResourceCacheImpl) with class java.util.Collections$SynchronizedMap cache map.
2016-08-19 15:36:30,157 - ResourceCache: initialized (class org.apache.velocity.runtime.resource.ResourceCacheImpl) with class java.util.Collections$SynchronizedMap cache map.
2016-08-19 15:36:30,157 - Loaded System Directive: org.apache.velocity.runtime.directive.Stop
2016-08-19 15:36:30,157 - Loaded System Directive: org.apache.velocity.runtime.directive.Stop
2016-08-19 15:36:30,157 - Loaded System Directive: org.apache.velocity.runtime.directive.Define
2016-08-19 15:36:30,157 - Loaded System Directive: org.apache.velocity.runtime.directive.Define
2016-08-19 15:36:30,157 - Loaded System Directive: org.apache.velocity.runtime.directive.Break
2016-08-19 15:36:30,157 - Loaded System Directive: org.apache.velocity.runtime.directive.Break
2016-08-19 15:36:30,157 - Loaded System Directive: org.apache.velocity.runtime.directive.Evaluate
2016-08-19 15:36:30,157 - Loaded System Directive: org.apache.velocity.runtime.directive.Evaluate
2016-08-19 15:36:30,157 - Loaded System Directive: org.apache.velocity.runtime.directive.Literal
2016-08-19 15:36:30,157 - Loaded System Directive: org.apache.velocity.runtime.directive.Literal
2016-08-19 15:36:30,157 - Loaded System Directive: org.apache.velocity.runtime.directive.Macro
2016-08-19 15:36:30,157 - Loaded System Directive: org.apache.velocity.runtime.directive.Macro
2016-08-19 15:36:30,157 - Loaded System Directive: org.apache.velocity.runtime.directive.Parse
2016-08-19 15:36:30,157 - Loaded System Directive: org.apache.velocity.runtime.directive.Parse
2016-08-19 15:36:30,157 - Loaded System Directive: org.apache.velocity.runtime.directive.Include
2016-08-19 15:36:30,157 - Loaded System Directive: org.apache.velocity.runtime.directive.Include
2016-08-19 15:36:30,157 - Loaded System Directive: org.apache.velocity.runtime.directive.Foreach
2016-08-19 15:36:30,157 - Loaded System Directive: org.apache.velocity.runtime.directive.Foreach
2016-08-19 15:36:30,162 - Created '20' parsers.
2016-08-19 15:36:30,162 - Created '20' parsers.
2016-08-19 15:36:30,162 - Velocimacro : "velocimacro.library" is not set.  Trying default library: VM_global_library.vm
2016-08-19 15:36:30,162 - Velocimacro : "velocimacro.library" is not set.  Trying default library: VM_global_library.vm
2016-08-19 15:36:30,162 - Velocimacro : Default library not found.
2016-08-19 15:36:30,162 - Velocimacro : Default library not found.
2016-08-19 15:36:30,162 - Velocimacro : allowInline = true : VMs can be defined inline in templates
2016-08-19 15:36:30,162 - Velocimacro : allowInline = true : VMs can be defined inline in templates
2016-08-19 15:36:30,162 - Velocimacro : allowInlineToOverride = false : VMs defined inline may NOT replace previous VM definitions
2016-08-19 15:36:30,162 - Velocimacro : allowInlineToOverride = false : VMs defined inline may NOT replace previous VM definitions
2016-08-19 15:36:30,162 - Velocimacro : allowInlineLocal = false : VMs defined inline will be global in scope if allowed.
2016-08-19 15:36:30,162 - Velocimacro : allowInlineLocal = false : VMs defined inline will be global in scope if allowed.
2016-08-19 15:36:30,162 - Velocimacro : autoload off : VM system will not automatically reload global library macros
2016-08-19 15:36:30,162 - Velocimacro : autoload off : VM system will not automatically reload global library macros
2016-08-19 15:36:30,166 - ResourceManager : found sc.vm with loader org.apache.velocity.runtime.resource.loader.FileResourceLoader
2016-08-19 15:36:30,166 - ResourceManager : found sc.vm with loader org.apache.velocity.runtime.resource.loader.FileResourceLoader
2016-08-19 15:37:03,200 - Log4JLogChute initialized using file 'velocity.log'
2016-08-19 15:37:03,200 - Log4JLogChute initialized using file 'velocity.log'
2016-08-19 15:37:03,200 - Log4JLogChute initialized using file 'velocity.log'
2016-08-19 15:37:03,200 - Initializing Velocity, Calling init()...
2016-08-19 15:37:03,200 - Initializing Velocity, Calling init()...
2016-08-19 15:37:03,200 - Initializing Velocity, Calling init()...
2016-08-19 15:37:03,200 - Starting Apache Velocity v1.7 (compiled: 2010-11-19 12:14:37)
2016-08-19 15:37:03,200 - Starting Apache Velocity v1.7 (compiled: 2010-11-19 12:14:37)
2016-08-19 15:37:03,200 - Starting Apache Velocity v1.7 (compiled: 2010-11-19 12:14:37)
2016-08-19 15:37:03,200 - Default Properties File: org/apache/velocity/runtime/defaults/velocity.properties
2016-08-19 15:37:03,200 - Default Properties File: org/apache/velocity/runtime/defaults/velocity.properties
2016-08-19 15:37:03,200 - Default Properties File: org/apache/velocity/runtime/defaults/velocity.properties
2016-08-19 15:37:03,200 - Trying to use logger class org.apache.velocity.runtime.log.AvalonLogChute
2016-08-19 15:37:03,200 - Trying to use logger class org.apache.velocity.runtime.log.AvalonLogChute
2016-08-19 15:37:03,200 - Trying to use logger class org.apache.velocity.runtime.log.AvalonLogChute
2016-08-19 15:37:03,200 - Target log system for org.apache.velocity.runtime.log.AvalonLogChute is not available (java.lang.NoClassDefFoundError: org/apache/log/format/Formatter).  Falling back to next log system...
2016-08-19 15:37:03,200 - Target log system for org.apache.velocity.runtime.log.AvalonLogChute is not available (java.lang.NoClassDefFoundError: org/apache/log/format/Formatter).  Falling back to next log system...
2016-08-19 15:37:03,200 - Target log system for org.apache.velocity.runtime.log.AvalonLogChute is not available (java.lang.NoClassDefFoundError: org/apache/log/format/Formatter).  Falling back to next log system...
2016-08-19 15:37:03,200 - Trying to use logger class org.apache.velocity.runtime.log.Log4JLogChute
2016-08-19 15:37:03,200 - Trying to use logger class org.apache.velocity.runtime.log.Log4JLogChute
2016-08-19 15:37:03,200 - Trying to use logger class org.apache.velocity.runtime.log.Log4JLogChute
2016-08-19 15:37:03,200 - Using logger class org.apache.velocity.runtime.log.Log4JLogChute
2016-08-19 15:37:03,200 - Using logger class org.apache.velocity.runtime.log.Log4JLogChute
2016-08-19 15:37:03,200 - Using logger class org.apache.velocity.runtime.log.Log4JLogChute
2016-08-19 15:37:03,200 - ResourceLoader instantiated: org.apache.velocity.runtime.resource.loader.FileResourceLoader
2016-08-19 15:37:03,200 - ResourceLoader instantiated: org.apache.velocity.runtime.resource.loader.FileResourceLoader
2016-08-19 15:37:03,200 - ResourceLoader instantiated: org.apache.velocity.runtime.resource.loader.FileResourceLoader
2016-08-19 15:37:03,200 - Do unicode file recognition:  false
2016-08-19 15:37:03,200 - Do unicode file recognition:  false
2016-08-19 15:37:03,200 - Do unicode file recognition:  false
2016-08-19 15:37:03,200 - FileResourceLoader : adding path './files_sc/velocity/'
2016-08-19 15:37:03,200 - FileResourceLoader : adding path './files_sc/velocity/'
2016-08-19 15:37:03,200 - FileResourceLoader : adding path './files_sc/velocity/'
2016-08-19 15:37:03,200 - ResourceCache: initialized (class org.apache.velocity.runtime.resource.ResourceCacheImpl) with class java.util.Collections$SynchronizedMap cache map.
2016-08-19 15:37:03,200 - ResourceCache: initialized (class org.apache.velocity.runtime.resource.ResourceCacheImpl) with class java.util.Collections$SynchronizedMap cache map.
2016-08-19 15:37:03,200 - ResourceCache: initialized (class org.apache.velocity.runtime.resource.ResourceCacheImpl) with class java.util.Collections$SynchronizedMap cache map.
2016-08-19 15:37:03,200 - Loaded System Directive: org.apache.velocity.runtime.directive.Stop
2016-08-19 15:37:03,200 - Loaded System Directive: org.apache.velocity.runtime.directive.Stop
2016-08-19 15:37:03,200 - Loaded System Directive: org.apache.velocity.runtime.directive.Stop
2016-08-19 15:37:03,200 - Loaded System Directive: org.apache.velocity.runtime.directive.Define
2016-08-19 15:37:03,200 - Loaded System Directive: org.apache.velocity.runtime.directive.Define
2016-08-19 15:37:03,200 - Loaded System Directive: org.apache.velocity.runtime.directive.Define
2016-08-19 15:37:03,200 - Loaded System Directive: org.apache.velocity.runtime.directive.Break
2016-08-19 15:37:03,200 - Loaded System Directive: org.apache.velocity.runtime.directive.Break
2016-08-19 15:37:03,200 - Loaded System Directive: org.apache.velocity.runtime.directive.Break
2016-08-19 15:37:03,200 - Loaded System Directive: org.apache.velocity.runtime.directive.Evaluate
2016-08-19 15:37:03,200 - Loaded System Directive: org.apache.velocity.runtime.directive.Evaluate
2016-08-19 15:37:03,200 - Loaded System Directive: org.apache.velocity.runtime.directive.Evaluate
2016-08-19 15:37:03,200 - Loaded System Directive: org.apache.velocity.runtime.directive.Literal
2016-08-19 15:37:03,200 - Loaded System Directive: org.apache.velocity.runtime.directive.Literal
2016-08-19 15:37:03,200 - Loaded System Directive: org.apache.velocity.runtime.directive.Literal
2016-08-19 15:37:03,200 - Loaded System Directive: org.apache.velocity.runtime.directive.Macro
2016-08-19 15:37:03,200 - Loaded System Directive: org.apache.velocity.runtime.directive.Macro
2016-08-19 15:37:03,200 - Loaded System Directive: org.apache.velocity.runtime.directive.Macro
2016-08-19 15:37:03,200 - Loaded System Directive: org.apache.velocity.runtime.directive.Parse
2016-08-19 15:37:03,200 - Loaded System Directive: org.apache.velocity.runtime.directive.Parse
2016-08-19 15:37:03,200 - Loaded System Directive: org.apache.velocity.runtime.directive.Parse
2016-08-19 15:37:03,200 - Loaded System Directive: org.apache.velocity.runtime.directive.Include
2016-08-19 15:37:03,200 - Loaded System Directive: org.apache.velocity.runtime.directive.Include
2016-08-19 15:37:03,200 - Loaded System Directive: org.apache.velocity.runtime.directive.Include
2016-08-19 15:37:03,200 - Loaded System Directive: org.apache.velocity.runtime.directive.Foreach
2016-08-19 15:37:03,200 - Loaded System Directive: org.apache.velocity.runtime.directive.Foreach
2016-08-19 15:37:03,200 - Loaded System Directive: org.apache.velocity.runtime.directive.Foreach
2016-08-19 15:37:03,201 - Created '20' parsers.
2016-08-19 15:37:03,201 - Created '20' parsers.
2016-08-19 15:37:03,201 - Created '20' parsers.
2016-08-19 15:37:03,201 - Velocimacro : "velocimacro.library" is not set.  Trying default library: VM_global_library.vm
2016-08-19 15:37:03,201 - Velocimacro : "velocimacro.library" is not set.  Trying default library: VM_global_library.vm
2016-08-19 15:37:03,201 - Velocimacro : "velocimacro.library" is not set.  Trying default library: VM_global_library.vm
2016-08-19 15:37:03,201 - Velocimacro : Default library not found.
2016-08-19 15:37:03,201 - Velocimacro : Default library not found.
2016-08-19 15:37:03,201 - Velocimacro : Default library not found.
2016-08-19 15:37:03,201 - Velocimacro : allowInline = true : VMs can be defined inline in templates
2016-08-19 15:37:03,201 - Velocimacro : allowInline = true : VMs can be defined inline in templates
2016-08-19 15:37:03,201 - Velocimacro : allowInline = true : VMs can be defined inline in templates
2016-08-19 15:37:03,201 - Velocimacro : allowInlineToOverride = false : VMs defined inline may NOT replace previous VM definitions
2016-08-19 15:37:03,201 - Velocimacro : allowInlineToOverride = false : VMs defined inline may NOT replace previous VM definitions
2016-08-19 15:37:03,201 - Velocimacro : allowInlineToOverride = false : VMs defined inline may NOT replace previous VM definitions
2016-08-19 15:37:03,201 - Velocimacro : allowInlineLocal = false : VMs defined inline will be global in scope if allowed.
2016-08-19 15:37:03,201 - Velocimacro : allowInlineLocal = false : VMs defined inline will be global in scope if allowed.
2016-08-19 15:37:03,201 - Velocimacro : allowInlineLocal = false : VMs defined inline will be global in scope if allowed.
2016-08-19 15:37:03,201 - Velocimacro : autoload off : VM system will not automatically reload global library macros
2016-08-19 15:37:03,201 - Velocimacro : autoload off : VM system will not automatically reload global library macros
2016-08-19 15:37:03,201 - Velocimacro : autoload off : VM system will not automatically reload global library macros
2016-08-19 15:37:03,203 - ResourceManager : found sc.vm with loader org.apache.velocity.runtime.resource.loader.FileResourceLoader
2016-08-19 15:37:03,203 - ResourceManager : found sc.vm with loader org.apache.velocity.runtime.resource.loader.FileResourceLoader
2016-08-19 15:37:03,203 - ResourceManager : found sc.vm with loader org.apache.velocity.runtime.resource.loader.FileResourceLoader
